Analysis & Synthesis report for projetoSD
Sat Aug 20 22:34:56 2022
Quartus II Version 9.1 Build 350 03/24/2010 Service Pack 2 SJ Web Edition


---------------------
; Table of Contents ;
---------------------
  1. Legal Notice
  2. Analysis & Synthesis Summary
  3. Analysis & Synthesis Settings
  4. Parallel Compilation
  5. Analysis & Synthesis Source Files Read
  6. Analysis & Synthesis Resource Usage Summary
  7. Analysis & Synthesis Resource Utilization by Entity
  8. General Register Statistics
  9. Analysis & Synthesis Messages



----------------
; Legal Notice ;
----------------
Copyright (C) 1991-2010 Altera Corporation
Your use of Altera Corporation's design tools, logic functions 
and other software and tools, and its AMPP partner logic 
functions, and any output files from any of the foregoing 
(including device programming or simulation files), and any 
associated documentation or information are expressly subject 
to the terms and conditions of the Altera Program License 
Subscription Agreement, Altera MegaCore Function License 
Agreement, or other applicable license agreement, including, 
without limitation, that your use is for the sole purpose of 
programming logic devices manufactured by Altera and sold by 
Altera or its authorized distributors.  Please refer to the 
applicable agreement for further details.



+-----------------------------------------------------------------------------------+
; Analysis & Synthesis Summary                                                      ;
+------------------------------------+----------------------------------------------+
; Analysis & Synthesis Status        ; Successful - Sat Aug 20 22:34:56 2022        ;
; Quartus II Version                 ; 9.1 Build 350 03/24/2010 SP 2 SJ Web Edition ;
; Revision Name                      ; projetoSD                                    ;
; Top-level Entity Name              ; somadorSupremo                               ;
; Family                             ; Cyclone II                                   ;
; Total logic elements               ; 34                                           ;
;     Total combinational functions  ; 34                                           ;
;     Dedicated logic registers      ; 0                                            ;
; Total registers                    ; 0                                            ;
; Total pins                         ; 16                                           ;
; Total virtual pins                 ; 0                                            ;
; Total memory bits                  ; 0                                            ;
; Embedded Multiplier 9-bit elements ; 0                                            ;
; Total PLLs                         ; 0                                            ;
+------------------------------------+----------------------------------------------+


+----------------------------------------------------------------------------------------------------------------------+
; Analysis & Synthesis Settings                                                                                        ;
+----------------------------------------------------------------------------+--------------------+--------------------+
; Option                                                                     ; Setting            ; Default Value      ;
+----------------------------------------------------------------------------+--------------------+--------------------+
; Device                                                                     ; EP2C70F896C6       ;                    ;
; Top-level entity name                                                      ; somadorSupremo     ; projetoSD          ;
; Family name                                                                ; Cyclone II         ; Stratix II         ;
; Use Generated Physical Constraints File                                    ; Off                ;                    ;
; Use smart compilation                                                      ; Off                ; Off                ;
; Enable parallel Assembler and TimeQuest Timing Analyzer during compilation ; On                 ; On                 ;
; Enable compact report table                                                ; Off                ; Off                ;
; Restructure Multiplexers                                                   ; Auto               ; Auto               ;
; Create Debugging Nodes for IP Cores                                        ; Off                ; Off                ;
; Preserve fewer node names                                                  ; On                 ; On                 ;
; Disable OpenCore Plus hardware evaluation                                  ; Off                ; Off                ;
; Verilog Version                                                            ; Verilog_2001       ; Verilog_2001       ;
; VHDL Version                                                               ; VHDL_1993          ; VHDL_1993          ;
; State Machine Processing                                                   ; Auto               ; Auto               ;
; Safe State Machine                                                         ; Off                ; Off                ;
; Extract Verilog State Machines                                             ; On                 ; On                 ;
; Extract VHDL State Machines                                                ; On                 ; On                 ;
; Ignore Verilog initial constructs                                          ; Off                ; Off                ;
; Iteration limit for constant Verilog loops                                 ; 5000               ; 5000               ;
; Iteration limit for non-constant Verilog loops                             ; 250                ; 250                ;
; Add Pass-Through Logic to Inferred RAMs                                    ; On                 ; On                 ;
; Parallel Synthesis                                                         ; On                 ; On                 ;
; DSP Block Balancing                                                        ; Auto               ; Auto               ;
; NOT Gate Push-Back                                                         ; On                 ; On                 ;
; Power-Up Don't Care                                                        ; On                 ; On                 ;
; Remove Redundant Logic Cells                                               ; Off                ; Off                ;
; Remove Duplicate Registers                                                 ; On                 ; On                 ;
; Ignore CARRY Buffers                                                       ; Off                ; Off                ;
; Ignore CASCADE Buffers                                                     ; Off                ; Off                ;
; Ignore GLOBAL Buffers                                                      ; Off                ; Off                ;
; Ignore ROW GLOBAL Buffers                                                  ; Off                ; Off                ;
; Ignore LCELL Buffers                                                       ; Off                ; Off                ;
; Ignore SOFT Buffers                                                        ; On                 ; On                 ;
; Limit AHDL Integers to 32 Bits                                             ; Off                ; Off                ;
; Optimization Technique                                                     ; Balanced           ; Balanced           ;
; Carry Chain Length                                                         ; 70                 ; 70                 ;
; Auto Carry Chains                                                          ; On                 ; On                 ;
; Auto Open-Drain Pins                                                       ; On                 ; On                 ;
; Perform WYSIWYG Primitive Resynthesis                                      ; Off                ; Off                ;
; Auto ROM Replacement                                                       ; On                 ; On                 ;
; Auto RAM Replacement                                                       ; On                 ; On                 ;
; Auto Shift Register Replacement                                            ; Auto               ; Auto               ;
; Auto Clock Enable Replacement                                              ; On                 ; On                 ;
; Strict RAM Replacement                                                     ; Off                ; Off                ;
; Allow Synchronous Control Signals                                          ; On                 ; On                 ;
; Force Use of Synchronous Clear Signals                                     ; Off                ; Off                ;
; Auto RAM to Logic Cell Conversion                                          ; Off                ; Off                ;
; Auto Resource Sharing                                                      ; Off                ; Off                ;
; Allow Any RAM Size For Recognition                                         ; Off                ; Off                ;
; Allow Any ROM Size For Recognition                                         ; Off                ; Off                ;
; Allow Any Shift Register Size For Recognition                              ; Off                ; Off                ;
; Use LogicLock Constraints during Resource Balancing                        ; On                 ; On                 ;
; Ignore translate_off and synthesis_off directives                          ; Off                ; Off                ;
; Timing-Driven Synthesis                                                    ; Off                ; Off                ;
; Show Parameter Settings Tables in Synthesis Report                         ; On                 ; On                 ;
; Ignore Maximum Fan-Out Assignments                                         ; Off                ; Off                ;
; Synchronization Register Chain Length                                      ; 2                  ; 2                  ;
; PowerPlay Power Optimization                                               ; Normal compilation ; Normal compilation ;
; HDL message level                                                          ; Level2             ; Level2             ;
; Suppress Register Optimization Related Messages                            ; Off                ; Off                ;
; Number of Removed Registers Reported in Synthesis Report                   ; 5000               ; 5000               ;
; Number of Inverted Registers Reported in Synthesis Report                  ; 100                ; 100                ;
; Clock MUX Protection                                                       ; On                 ; On                 ;
; Auto Gated Clock Conversion                                                ; Off                ; Off                ;
; Block Design Naming                                                        ; Auto               ; Auto               ;
; SDC constraint protection                                                  ; Off                ; Off                ;
; Synthesis Effort                                                           ; Auto               ; Auto               ;
; Shift Register Replacement - Allow Asynchronous Clear Signal               ; On                 ; On                 ;
; Analysis & Synthesis Message Level                                         ; Medium             ; Medium             ;
; Disable Register Merging Across Hierarchies                                ; Auto               ; Auto               ;
; Resource Aware Inference For Block RAM                                     ; On                 ; On                 ;
+----------------------------------------------------------------------------+--------------------+--------------------+


Parallel compilation was disabled, but you have multiple processors available. Enable parallel compilation to reduce compilation time.
+-------------------------------------+
; Parallel Compilation                ;
+----------------------------+--------+
; Processors                 ; Number ;
+----------------------------+--------+
; Number detected on machine ; 2      ;
; Maximum allowed            ; 1      ;
+----------------------------+--------+


+-------------------------------------------------------------------------------------------------------------------------------------------------------------------+
; Analysis & Synthesis Source Files Read                                                                                                                            ;
+----------------------------------+-----------------+------------------------------------------+-------------------------------------------------------------------+
; File Name with User-Entered Path ; Used in Netlist ; File Type                                ; File Name with Absolute Path                                      ;
+----------------------------------+-----------------+------------------------------------------+-------------------------------------------------------------------+
; AigualB.bdf                      ; yes             ; User Block Diagram/Schematic File        ; C:/Users/ASUS/Desktop/Projeto SD/projeto-ULA/AigualB.bdf          ;
; ComplementoA2.bdf                ; yes             ; User Block Diagram/Schematic File        ; C:/Users/ASUS/Desktop/Projeto SD/projeto-ULA/ComplementoA2.bdf    ;
; mux2x1.bdf                       ; yes             ; User Block Diagram/Schematic File        ; C:/Users/ASUS/Desktop/Projeto SD/projeto-ULA/mux2x1.bdf           ;
; SomadorCompleto.bdf              ; yes             ; User Block Diagram/Schematic File        ; C:/Users/ASUS/Desktop/Projeto SD/projeto-ULA/SomadorCompleto.bdf  ;
; somadorSupremo.bdf               ; yes             ; User Block Diagram/Schematic File        ; C:/Users/ASUS/Desktop/Projeto SD/projeto-ULA/somadorSupremo.bdf   ;
; SomaTotal.bdf                    ; yes             ; User Block Diagram/Schematic File        ; C:/Users/ASUS/Desktop/Projeto SD/projeto-ULA/SomaTotal.bdf        ;
; decidirSinal.bdf                 ; yes             ; User Block Diagram/Schematic File        ; C:/Users/ASUS/Desktop/Projeto SD/projeto-ULA/decidirSinal.bdf     ;
; juntar.bdf                       ; yes             ; User Block Diagram/Schematic File        ; C:/Users/ASUS/Desktop/Projeto SD/projeto-ULA/juntar.bdf           ;
; AmaiorBmagnitude.bdf             ; yes             ; User Block Diagram/Schematic File        ; C:/Users/ASUS/Desktop/Projeto SD/projeto-ULA/AmaiorBmagnitude.bdf ;
; mux2x1-5.bdf                     ; yes             ; Auto-Found Block Diagram/Schematic File  ; C:/Users/ASUS/Desktop/Projeto SD/projeto-ULA/mux2x1-5.bdf         ;
; comp2-5.bdf                      ; yes             ; Auto-Found Block Diagram/Schematic File  ; C:/Users/ASUS/Desktop/Projeto SD/projeto-ULA/comp2-5.bdf          ;
+----------------------------------+-----------------+------------------------------------------+-------------------------------------------------------------------+


+------------------------------------------------------+
; Analysis & Synthesis Resource Usage Summary          ;
+---------------------------------------------+--------+
; Resource                                    ; Usage  ;
+---------------------------------------------+--------+
; Estimated Total logic elements              ; 34     ;
;                                             ;        ;
; Total combinational functions               ; 34     ;
; Logic element usage by number of LUT inputs ;        ;
;     -- 4 input functions                    ; 21     ;
;     -- 3 input functions                    ; 7      ;
;     -- <=2 input functions                  ; 6      ;
;                                             ;        ;
; Logic elements by mode                      ;        ;
;     -- normal mode                          ; 34     ;
;     -- arithmetic mode                      ; 0      ;
;                                             ;        ;
; Total registers                             ; 0      ;
;     -- Dedicated logic registers            ; 0      ;
;     -- I/O registers                        ; 0      ;
;                                             ;        ;
; I/O pins                                    ; 16     ;
; Maximum fan-out node                        ; sinalB ;
; Maximum fan-out                             ; 10     ;
; Total fan-out                               ; 123    ;
; Average fan-out                             ; 2.46   ;
+---------------------------------------------+--------+


+-----------------------------------------------------------------------------------------------------------------------------------------------------------------------------------------------------------------------+
; Analysis & Synthesis Resource Utilization by Entity                                                                                                                                                                   ;
+--------------------------------+-------------------+--------------+-------------+--------------+---------+-----------+------+--------------+-----------------------------------------------------------+--------------+
; Compilation Hierarchy Node     ; LC Combinationals ; LC Registers ; Memory Bits ; DSP Elements ; DSP 9x9 ; DSP 18x18 ; Pins ; Virtual Pins ; Full Hierarchy Name                                       ; Library Name ;
+--------------------------------+-------------------+--------------+-------------+--------------+---------+-----------+------+--------------+-----------------------------------------------------------+--------------+
; |somadorSupremo                ; 34 (4)            ; 0 (0)        ; 0           ; 0            ; 0       ; 0         ; 16   ; 0            ; |somadorSupremo                                           ; work         ;
;    |ComplementoA2:inst2|       ; 1 (0)             ; 0 (0)        ; 0           ; 0            ; 0       ; 0         ; 0    ; 0            ; |somadorSupremo|ComplementoA2:inst2                       ;              ;
;       |SomadorCompleto:inst3|  ; 1 (1)             ; 0 (0)        ; 0           ; 0            ; 0       ; 0         ; 0    ; 0            ; |somadorSupremo|ComplementoA2:inst2|SomadorCompleto:inst3 ;              ;
;    |ComplementoA2:inst|        ; 1 (0)             ; 0 (0)        ; 0           ; 0            ; 0       ; 0         ; 0    ; 0            ; |somadorSupremo|ComplementoA2:inst                        ;              ;
;       |SomadorCompleto:inst3|  ; 1 (1)             ; 0 (0)        ; 0           ; 0            ; 0       ; 0         ; 0    ; 0            ; |somadorSupremo|ComplementoA2:inst|SomadorCompleto:inst3  ;              ;
;    |SomaTotal:inst3|           ; 8 (0)             ; 0 (0)        ; 0           ; 0            ; 0       ; 0         ; 0    ; 0            ; |somadorSupremo|SomaTotal:inst3                           ;              ;
;       |SomadorCompleto:inst4|  ; 2 (2)             ; 0 (0)        ; 0           ; 0            ; 0       ; 0         ; 0    ; 0            ; |somadorSupremo|SomaTotal:inst3|SomadorCompleto:inst4     ;              ;
;       |SomadorCompleto:inst5|  ; 2 (2)             ; 0 (0)        ; 0           ; 0            ; 0       ; 0         ; 0    ; 0            ; |somadorSupremo|SomaTotal:inst3|SomadorCompleto:inst5     ;              ;
;       |SomadorCompleto:inst6|  ; 2 (2)             ; 0 (0)        ; 0           ; 0            ; 0       ; 0         ; 0    ; 0            ; |somadorSupremo|SomaTotal:inst3|SomadorCompleto:inst6     ;              ;
;       |SomadorCompleto:inst|   ; 2 (2)             ; 0 (0)        ; 0           ; 0            ; 0       ; 0         ; 0    ; 0            ; |somadorSupremo|SomaTotal:inst3|SomadorCompleto:inst      ;              ;
;    |comp2-5:inst10|            ; 3 (0)             ; 0 (0)        ; 0           ; 0            ; 0       ; 0         ; 0    ; 0            ; |somadorSupremo|comp2-5:inst10                            ;              ;
;       |SomadorCompleto:inst10| ; 1 (1)             ; 0 (0)        ; 0           ; 0            ; 0       ; 0         ; 0    ; 0            ; |somadorSupremo|comp2-5:inst10|SomadorCompleto:inst10     ; work         ;
;       |SomadorCompleto:inst2|  ; 2 (2)             ; 0 (0)        ; 0           ; 0            ; 0       ; 0         ; 0    ; 0            ; |somadorSupremo|comp2-5:inst10|SomadorCompleto:inst2      ; work         ;
;    |decidirSinal:inst19|       ; 5 (5)             ; 0 (0)        ; 0           ; 0            ; 0       ; 0         ; 0    ; 0            ; |somadorSupremo|decidirSinal:inst19                       ;              ;
;    |mux2x1-5:inst8|            ; 3 (3)             ; 0 (0)        ; 0           ; 0            ; 0       ; 0         ; 0    ; 0            ; |somadorSupremo|mux2x1-5:inst8                            ;              ;
;    |mux2x1:inst5|              ; 3 (3)             ; 0 (0)        ; 0           ; 0            ; 0       ; 0         ; 0    ; 0            ; |somadorSupremo|mux2x1:inst5                              ;              ;
;    |mux2x1:inst6|              ; 6 (6)             ; 0 (0)        ; 0           ; 0            ; 0       ; 0         ; 0    ; 0            ; |somadorSupremo|mux2x1:inst6                              ;              ;
+--------------------------------+-------------------+--------------+-------------+--------------+---------+-----------+------+--------------+-----------------------------------------------------------+--------------+
Note: For table entries with two numbers listed, the numbers in parentheses indicate the number of resources of the given type used by the specific entity alone. The numbers listed outside of parentheses indicate the total resources of the given type used by the specific entity and all of its sub-entities in the hierarchy.


+------------------------------------------------------+
; General Register Statistics                          ;
+----------------------------------------------+-------+
; Statistic                                    ; Value ;
+----------------------------------------------+-------+
; Total registers                              ; 0     ;
; Number of registers using Synchronous Clear  ; 0     ;
; Number of registers using Synchronous Load   ; 0     ;
; Number of registers using Asynchronous Clear ; 0     ;
; Number of registers using Asynchronous Load  ; 0     ;
; Number of registers using Clock Enable       ; 0     ;
; Number of registers using Preset             ; 0     ;
+----------------------------------------------+-------+


+-------------------------------+
; Analysis & Synthesis Messages ;
+-------------------------------+
Info: *******************************************************************
Info: Running Quartus II Analysis & Synthesis
    Info: Version 9.1 Build 350 03/24/2010 Service Pack 2 SJ Web Edition
    Info: Processing started: Sat Aug 20 22:34:53 2022
Info: Command: quartus_map --read_settings_files=on --write_settings_files=off projetoSD -c projetoSD
Info: Found 1 design units, including 1 entities, in source file aandb.bdf
    Info: Found entity 1: AandB
Info: Found 1 design units, including 1 entities, in source file aigualb.bdf
    Info: Found entity 1: AigualB
Info: Found 1 design units, including 1 entities, in source file axorb.bdf
    Info: Found entity 1: axorb
Info: Found 1 design units, including 1 entities, in source file complementoa2.bdf
    Info: Found entity 1: ComplementoA2
Info: Found 1 design units, including 1 entities, in source file mux2x1.bdf
    Info: Found entity 1: mux2x1
Warning: Can't analyze file -- file Mux8x1.bdf is missing
Info: Found 1 design units, including 1 entities, in source file somadorcompleto.bdf
    Info: Found entity 1: SomadorCompleto
Info: Found 1 design units, including 1 entities, in source file somadorsupremo.bdf
    Info: Found entity 1: somadorSupremo
Info: Found 1 design units, including 1 entities, in source file somatotal.bdf
    Info: Found entity 1: SomaTotal
Warning: Can't analyze file -- file subAmenosB.bdf is missing
Info: Found 1 design units, including 1 entities, in source file amaiorb.bdf
    Info: Found entity 1: AmaiorB
Info: Found 1 design units, including 1 entities, in source file decidirsinal.bdf
    Info: Found entity 1: decidirSinal
Info: Found 1 design units, including 1 entities, in source file operacao.bdf
    Info: Found entity 1: operacao
Info: Found 1 design units, including 1 entities, in source file subtrator.bdf
    Info: Found entity 1: subtrator
Warning: Can't analyze file -- file Comp2_5.bdf is missing
Warning: Can't analyze file -- file Mux2x1_5.bdf is missing
Info: Found 1 design units, including 1 entities, in source file juntar.bdf
    Info: Found entity 1: juntar
Info: Found 1 design units, including 1 entities, in source file mux5x1.bdf
    Info: Found entity 1: Mux5x1
Info: Found 1 design units, including 1 entities, in source file mux3x1.bdf
    Info: Found entity 1: Mux3x1
Info: Found 1 design units, including 1 entities, in source file ula.bdf
    Info: Found entity 1: ULA
Info: Found 1 design units, including 1 entities, in source file projeto.bdf
    Info: Found entity 1: projeto
Info: Found 1 design units, including 1 entities, in source file decodificador4bits.bdf
    Info: Found entity 1: Decodificador4bits
Info: Found 1 design units, including 1 entities, in source file decodificador5bits.bdf
    Info: Found entity 1: decodificador5bits
Warning: Can't analyze file -- file apagar.bdf is missing
Info: Found 1 design units, including 1 entities, in source file amaiorbmagnitude.bdf
    Info: Found entity 1: AmaiorBmagnitude
Info: Elaborating entity "somadorSupremo" for the top level hierarchy
Info: Elaborating entity "decidirSinal" for hierarchy "decidirSinal:inst19"
Info: Elaborating entity "AmaiorBmagnitude" for hierarchy "decidirSinal:inst19|AmaiorBmagnitude:inst2"
Info: Elaborating entity "AigualB" for hierarchy "decidirSinal:inst19|AigualB:inst"
Info: Elaborating entity "juntar" for hierarchy "juntar:inst13"
Warning: Using design file mux2x1-5.bdf, which is not specified as a design file for the current project, but contains definitions for 1 design units and 1 entities in project
    Info: Found entity 1: mux2x1-5
Info: Elaborating entity "Mux2x1-5" for hierarchy "Mux2x1-5:inst8"
Info: Elaborating entity "SomaTotal" for hierarchy "SomaTotal:inst3"
Info: Elaborating entity "SomadorCompleto" for hierarchy "SomaTotal:inst3|SomadorCompleto:inst"
Info: Elaborating entity "mux2x1" for hierarchy "mux2x1:inst5"
Info: Elaborating entity "ComplementoA2" for hierarchy "ComplementoA2:inst"
Warning: Primitive "GND" of instance "inst9" not used
Warning: Using design file comp2-5.bdf, which is not specified as a design file for the current project, but contains definitions for 1 design units and 1 entities in project
    Info: Found entity 1: comp2-5
Info: Elaborating entity "Comp2-5" for hierarchy "Comp2-5:inst10"
Warning: Primitive "GND" of instance "inst12" not used
Info: Implemented 50 device resources after synthesis - the final resource count might be different
    Info: Implemented 10 input pins
    Info: Implemented 6 output pins
    Info: Implemented 34 logic cells
Info: Quartus II Analysis & Synthesis was successful. 0 errors, 9 warnings
    Info: Peak virtual memory: 222 megabytes
    Info: Processing ended: Sat Aug 20 22:34:56 2022
    Info: Elapsed time: 00:00:03
    Info: Total CPU time (on all processors): 00:00:04


